<?xml version="1.0" encoding="UTF-8"?>
<testng-results ignored="0" total="1" passed="1" failed="0" skipped="0">
  <reporter-output>
  </reporter-output>
  <suite started-at="2021-05-07T13:58:44 IST" name="Suite" finished-at="2021-05-07T13:59:37 IST" duration-ms="53163">
    <groups>
    </groups>
    <test started-at="2021-05-07T13:58:44 IST" name="Test" finished-at="2021-05-07T13:59:37 IST" duration-ms="53163">
      <class name="POM.ValidateLoginFunctionality">
        <test-method is-config="true" signature="initiatizedriver()[pri:0, instance:POM.ValidateLoginFunctionality@7bbc8656]" started-at="2021-05-07T13:58:37 IST" name="initiatizedriver" finished-at="2021-05-07T13:58:44 IST" duration-ms="6618" status="PASS">
          <reporter-output>
          </reporter-output>
        </test-method> <!-- initiatizedriver -->
        <test-method signature="launchURL()[pri:0, instance:POM.ValidateLoginFunctionality@7bbc8656]" started-at="2021-05-07T13:58:44 IST" name="launchURL" finished-at="2021-05-07T13:59:37 IST" duration-ms="53101" status="PASS">
          <reporter-output>
          </reporter-output>
        </test-method> <!-- launchURL -->
      </class> <!-- POM.ValidateLoginFunctionality -->
    </test> <!-- Test -->
  </suite> <!-- Suite -->
</testng-results>
